[35m[1mScanning dependencies of target _stretchsense_generate_messages_check_deps_smartGloveServerFeedback[0m
[35m[1mScanning dependencies of target _stretchsense_generate_messages_check_deps_smartGloveServerResult[0m
[35m[1mScanning dependencies of target _stretchsense_generate_messages_check_deps_smartGloveServerGoal[0m
[35m[1mScanning dependencies of target _stretchsense_generate_messages_check_deps_smartGloveServerActionResult[0m
[35m[1mScanning dependencies of target std_msgs_generate_messages_lisp[0m
[35m[1mScanning dependencies of target _stretchsense_generate_messages_check_deps_smartGloveServerActionGoal[0m
[35m[1mScanning dependencies of target actionlib_msgs_generate_messages_lisp[0m
[35m[1mScanning dependencies of target _stretchsense_generate_messages_check_deps_smartGloveServerActionFeedback[0m
[35m[1mScanning dependencies of target sensor_msgs_generate_messages_py[0m
[35m[1mScanning dependencies of target sensor_msgs_generate_messages_lisp[0m
[35m[1mScanning dependencies of target std_msgs_generate_messages_py[0m
[35m[1mScanning dependencies of target sensor_msgs_generate_messages_eus[0m
[35m[1mScanning dependencies of target _stretchsense_generate_messages_check_deps_smartGloveServerAction[0m
[35m[1mScanning dependencies of target sensor_msgs_generate_messages_cpp[0m
[35m[1mScanning dependencies of target actionlib_msgs_generate_messages_cpp[0m
[35m[1mScanning dependencies of target actionlib_msgs_generate_messages_eus[0m
[35m[1mScanning dependencies of target sensor_msgs_generate_messages_nodejs[0m
[35m[1mScanning dependencies of target actionlib_msgs_generate_messages_py[0m
[35m[1mScanning dependencies of target std_msgs_generate_messages_cpp[0m
[35m[1mScanning dependencies of target std_msgs_generate_messages_eus[0m
[  0%] Built target std_msgs_generate_messages_lisp
[  0%] Built target sensor_msgs_generate_messages_lisp
[  0%] Built target actionlib_msgs_generate_messages_lisp
[  0%] Built target actionlib_msgs_generate_messages_eus
[  0%] Built target std_msgs_generate_messages_py
[  0%] Built target actionlib_msgs_generate_messages_py
[  0%] Built target actionlib_msgs_generate_messages_cpp
[  0%] Built target sensor_msgs_generate_messages_nodejs
[  0%] Built target sensor_msgs_generate_messages_cpp
[  0%] Built target sensor_msgs_generate_messages_py
[  0%] Built target sensor_msgs_generate_messages_eus
[  0%] Built target std_msgs_generate_messages_cpp
[35m[1mScanning dependencies of target actionlib_msgs_generate_messages_nodejs[0m
[  0%] Built target std_msgs_generate_messages_eus
[35m[1mScanning dependencies of target std_msgs_generate_messages_nodejs[0m
[  0%] Built target actionlib_msgs_generate_messages_nodejs
[  0%] Built target std_msgs_generate_messages_nodejs
[  0%] Built target _stretchsense_generate_messages_check_deps_smartGloveServerActionGoal
[  0%] Built target _stretchsense_generate_messages_check_deps_smartGloveServerResult
[  0%] Built target _stretchsense_generate_messages_check_deps_smartGloveServerActionFeedback
[  0%] Built target _stretchsense_generate_messages_check_deps_smartGloveServerGoal
[  0%] Built target _stretchsense_generate_messages_check_deps_smartGloveServerActionResult
[  0%] Built target _stretchsense_generate_messages_check_deps_smartGloveServerAction
[  0%] Built target _stretchsense_generate_messages_check_deps_smartGloveServerFeedback
[35m[1mScanning dependencies of target stretchsense_generate_messages_eus[0m
[35m[1mScanning dependencies of target stretchsense_generate_messages_py[0m
[35m[1mScanning dependencies of target stretchsense_generate_messages_cpp[0m
[35m[1mScanning dependencies of target stretchsense_generate_messages_nodejs[0m
[35m[1mScanning dependencies of target stretchsense_generate_messages_lisp[0m
[  2%] [34m[1mGenerating Python from MSG stretchsense/smartGloveServerActionResult[0m
[  5%] [34m[1mGenerating EusLisp code from stretchsense/smartGloveServerActionResult.msg[0m
[  8%] [34m[1mGenerating EusLisp code from stretchsense/smartGloveServerActionGoal.msg[0m
[ 13%] [34m[1mGenerating Javascript code from stretchsense/smartGloveServerAction.msg[0m
[ 13%] [34m[1mGenerating C++ code from stretchsense/smartGloveServerAction.msg[0m
[ 21%] [34m[1mGenerating Python from MSG stretchsense/smartGloveServerGoal[0m
[ 21%] [34m[1mGenerating Lisp code from stretchsense/smartGloveServerAction.msg[0m
[ 21%] [34m[1mGenerating Python from MSG stretchsense/smartGloveServerAction[0m
[ 35%] [34m[1mGenerating Python from MSG stretchsense/smartGloveServerResult[0m
[ 35%] [34m[1mGenerating Javascript code from stretchsense/smartGloveServerActionFeedback.msg[0m
[ 35%] [34m[1mGenerating Python from MSG stretchsense/smartGloveServerActionFeedback[0m
[ 35%] [34m[1mGenerating EusLisp code from stretchsense/smartGloveServerAction.msg[0m
[ 35%] [34m[1mGenerating EusLisp code from stretchsense/smartGloveServerGoal.msg[0m
[ 37%] [34m[1mGenerating C++ code from stretchsense/smartGloveServerActionGoal.msg[0m
[ 40%] [34m[1mGenerating Python from MSG stretchsense/smartGloveServerActionGoal[0m
[ 43%] [34m[1mGenerating EusLisp code from stretchsense/smartGloveServerActionFeedback.msg[0m
[ 45%] [34m[1mGenerating C++ code from stretchsense/smartGloveServerActionResult.msg[0m
[ 48%] [34m[1mGenerating Javascript code from stretchsense/smartGloveServerActionGoal.msg[0m
[ 51%] [34m[1mGenerating Javascript code from stretchsense/smartGloveServerGoal.msg[0m
[ 54%] [34m[1mGenerating Javascript code from stretchsense/smartGloveServerActionResult.msg[0m
[ 56%] [34m[1mGenerating Javascript code from stretchsense/smartGloveServerResult.msg[0m
[ 59%] [34m[1mGenerating Python from MSG stretchsense/smartGloveServerFeedback[0m
[ 62%] [34m[1mGenerating Lisp code from stretchsense/smartGloveServerActionGoal.msg[0m
[ 64%] [34m[1mGenerating Javascript code from stretchsense/smartGloveServerFeedback.msg[0m
[ 67%] [34m[1mGenerating Lisp code from stretchsense/smartGloveServerActionResult.msg[0m
[ 70%] [34m[1mGenerating EusLisp code from stretchsense/smartGloveServerResult.msg[0m
[ 72%] [34m[1mGenerating EusLisp code from stretchsense/smartGloveServerFeedback.msg[0m
[ 75%] [34m[1mGenerating EusLisp manifest code for stretchsense[0m
[ 78%] [34m[1mGenerating Lisp code from stretchsense/smartGloveServerActionFeedback.msg[0m
[ 81%] [34m[1mGenerating Lisp code from stretchsense/smartGloveServerGoal.msg[0m
[ 83%] [34m[1mGenerating Lisp code from stretchsense/smartGloveServerResult.msg[0m
[ 89%] [34m[1mGenerating Lisp code from stretchsense/smartGloveServerFeedback.msg[0m
[ 89%] [34m[1mGenerating C++ code from stretchsense/smartGloveServerGoal.msg[0m
[ 91%] [34m[1mGenerating C++ code from stretchsense/smartGloveServerActionFeedback.msg[0m
[ 94%] [34m[1mGenerating C++ code from stretchsense/smartGloveServerResult.msg[0m
[ 97%] [34m[1mGenerating C++ code from stretchsense/smartGloveServerFeedback.msg[0m
[ 97%] Built target stretchsense_generate_messages_nodejs
[ 97%] Built target stretchsense_generate_messages_lisp
[100%] [34m[1mGenerating Python msg __init__.py for stretchsense[0m
[100%] Built target stretchsense_generate_messages_cpp
[100%] Built target stretchsense_generate_messages_py
[100%] Built target stretchsense_generate_messages_eus
[35m[1mScanning dependencies of target stretchsense_generate_messages[0m
[100%] Built target stretchsense_generate_messages
