Symlinking /home/rbemotion17/stretch_sense_ws/devel/include/stretchsense/smartGloveServerActionGoal.h
Symlinking /home/rbemotion17/stretch_sense_ws/devel/include/stretchsense/smartGloveServerFeedback.h
Symlinking /home/rbemotion17/stretch_sense_ws/devel/include/stretchsense/smartGloveServerActionResult.h
Symlinking /home/rbemotion17/stretch_sense_ws/devel/include/stretchsense/smartGloveServerResult.h
Symlinking /home/rbemotion17/stretch_sense_ws/devel/include/stretchsense/smartGloveServerActionFeedback.h
Symlinking /home/rbemotion17/stretch_sense_ws/devel/include/stretchsense/smartGloveServerAction.h
Symlinking /home/rbemotion17/stretch_sense_ws/devel/include/stretchsense/smartGloveServerGoal.h
Symlinking /home/rbemotion17/stretch_sense_ws/devel/share/roseus/ros/stretchsense/manifest.l
Symlinking /home/rbemotion17/stretch_sense_ws/devel/share/roseus/ros/stretchsense/msg/smartGloveServerFeedback.l
Symlinking /home/rbemotion17/stretch_sense_ws/devel/share/roseus/ros/stretchsense/msg/smartGloveServerAction.l
Symlinking /home/rbemotion17/stretch_sense_ws/devel/share/roseus/ros/stretchsense/msg/smartGloveServerActionFeedback.l
Symlinking /home/rbemotion17/stretch_sense_ws/devel/share/roseus/ros/stretchsense/msg/smartGloveServerActionResult.l
Symlinking /home/rbemotion17/stretch_sense_ws/devel/share/roseus/ros/stretchsense/msg/smartGloveServerGoal.l
Symlinking /home/rbemotion17/stretch_sense_ws/devel/share/roseus/ros/stretchsense/msg/smartGloveServerResult.l
Symlinking /home/rbemotion17/stretch_sense_ws/devel/share/roseus/ros/stretchsense/msg/smartGloveServerActionGoal.l
Symlinking /home/rbemotion17/stretch_sense_ws/devel/share/common-lisp/ros/stretchsense/msg/smartGloveServerGoal.lisp
Symlinking /home/rbemotion17/stretch_sense_ws/devel/share/common-lisp/ros/stretchsense/msg/_package_smartGloveServerAction.lisp
Symlinking /home/rbemotion17/stretch_sense_ws/devel/share/common-lisp/ros/stretchsense/msg/_package_smartGloveServerResult.lisp
Symlinking /home/rbemotion17/stretch_sense_ws/devel/share/common-lisp/ros/stretchsense/msg/_package_smartGloveServerActionGoal.lisp
Symlinking /home/rbemotion17/stretch_sense_ws/devel/share/common-lisp/ros/stretchsense/msg/smartGloveServerActionResult.lisp
Symlinking /home/rbemotion17/stretch_sense_ws/devel/share/common-lisp/ros/stretchsense/msg/_package_smartGloveServerActionFeedback.lisp
Symlinking /home/rbemotion17/stretch_sense_ws/devel/share/common-lisp/ros/stretchsense/msg/_package.lisp
Symlinking /home/rbemotion17/stretch_sense_ws/devel/share/common-lisp/ros/stretchsense/msg/_package_smartGloveServerFeedback.lisp
Symlinking /home/rbemotion17/stretch_sense_ws/devel/share/common-lisp/ros/stretchsense/msg/_package_smartGloveServerActionResult.lisp
Symlinking /home/rbemotion17/stretch_sense_ws/devel/share/common-lisp/ros/stretchsense/msg/_package_smartGloveServerGoal.lisp
Symlinking /home/rbemotion17/stretch_sense_ws/devel/share/common-lisp/ros/stretchsense/msg/smartGloveServerResult.lisp
Symlinking /home/rbemotion17/stretch_sense_ws/devel/share/common-lisp/ros/stretchsense/msg/smartGloveServerAction.lisp
Symlinking /home/rbemotion17/stretch_sense_ws/devel/share/common-lisp/ros/stretchsense/msg/smartGloveServerActionFeedback.lisp
Symlinking /home/rbemotion17/stretch_sense_ws/devel/share/common-lisp/ros/stretchsense/msg/smartGloveServerFeedback.lisp
Symlinking /home/rbemotion17/stretch_sense_ws/devel/share/common-lisp/ros/stretchsense/msg/stretchsense-msg.asd
Symlinking /home/rbemotion17/stretch_sense_ws/devel/share/common-lisp/ros/stretchsense/msg/smartGloveServerActionGoal.lisp
Symlinking /home/rbemotion17/stretch_sense_ws/devel/share/stretchsense/cmake/stretchsenseConfig.cmake
Symlinking /home/rbemotion17/stretch_sense_ws/devel/share/stretchsense/cmake/stretchsense-msg-extras.cmake
Symlinking /home/rbemotion17/stretch_sense_ws/devel/share/stretchsense/cmake/stretchsenseConfig-version.cmake
Symlinking /home/rbemotion17/stretch_sense_ws/devel/share/stretchsense/cmake/stretchsense-msg-paths.cmake
Symlinking /home/rbemotion17/stretch_sense_ws/devel/share/stretchsense/msg/smartGloveServerAction.msg
Symlinking /home/rbemotion17/stretch_sense_ws/devel/share/stretchsense/msg/smartGloveServerActionFeedback.msg
Symlinking /home/rbemotion17/stretch_sense_ws/devel/share/stretchsense/msg/smartGloveServerActionResult.msg
Symlinking /home/rbemotion17/stretch_sense_ws/devel/share/stretchsense/msg/smartGloveServerResult.msg
Symlinking /home/rbemotion17/stretch_sense_ws/devel/share/stretchsense/msg/smartGloveServerGoal.msg
Symlinking /home/rbemotion17/stretch_sense_ws/devel/share/stretchsense/msg/smartGloveServerFeedback.msg
Symlinking /home/rbemotion17/stretch_sense_ws/devel/share/stretchsense/msg/smartGloveServerActionGoal.msg
Symlinking /home/rbemotion17/stretch_sense_ws/devel/share/gennodejs/ros/stretchsense/_index.js
Symlinking /home/rbemotion17/stretch_sense_ws/devel/share/gennodejs/ros/stretchsense/msg/smartGloveServerActionFeedback.js
Symlinking /home/rbemotion17/stretch_sense_ws/devel/share/gennodejs/ros/stretchsense/msg/smartGloveServerFeedback.js
Symlinking /home/rbemotion17/stretch_sense_ws/devel/share/gennodejs/ros/stretchsense/msg/smartGloveServerAction.js
Symlinking /home/rbemotion17/stretch_sense_ws/devel/share/gennodejs/ros/stretchsense/msg/_index.js
Symlinking /home/rbemotion17/stretch_sense_ws/devel/share/gennodejs/ros/stretchsense/msg/smartGloveServerResult.js
Symlinking /home/rbemotion17/stretch_sense_ws/devel/share/gennodejs/ros/stretchsense/msg/smartGloveServerActionResult.js
Symlinking /home/rbemotion17/stretch_sense_ws/devel/share/gennodejs/ros/stretchsense/msg/smartGloveServerActionGoal.js
Symlinking /home/rbemotion17/stretch_sense_ws/devel/share/gennodejs/ros/stretchsense/msg/smartGloveServerGoal.js
Symlinking /home/rbemotion17/stretch_sense_ws/devel/lib/python3/dist-packages/stretchsense/__init__.py
Symlinking /home/rbemotion17/stretch_sense_ws/devel/lib/python3/dist-packages/stretchsense/msg/_smartGloveServerActionGoal.py
Symlinking /home/rbemotion17/stretch_sense_ws/devel/lib/python3/dist-packages/stretchsense/msg/_smartGloveServerActionResult.py
Symlinking /home/rbemotion17/stretch_sense_ws/devel/lib/python3/dist-packages/stretchsense/msg/_smartGloveServerResult.py
Symlinking /home/rbemotion17/stretch_sense_ws/devel/lib/python3/dist-packages/stretchsense/msg/_smartGloveServerFeedback.py
Symlinking /home/rbemotion17/stretch_sense_ws/devel/lib/python3/dist-packages/stretchsense/msg/_smartGloveServerAction.py
Symlinking /home/rbemotion17/stretch_sense_ws/devel/lib/python3/dist-packages/stretchsense/msg/_smartGloveServerGoal.py
Symlinking /home/rbemotion17/stretch_sense_ws/devel/lib/python3/dist-packages/stretchsense/msg/_smartGloveServerActionFeedback.py
Symlinking /home/rbemotion17/stretch_sense_ws/devel/lib/python3/dist-packages/stretchsense/msg/__init__.py
Symlinking /home/rbemotion17/stretch_sense_ws/devel/lib/pkgconfig/stretchsense.pc
